[debug] [2025-05-18T18:30:43.045Z] ----------------------------------------------------------------------
[debug] [2025-05-18T18:30:43.048Z] Command:       C:\Program Files\nodejs\node.exe C:\Users\mateo\AppData\Roaming\npm\node_modules\firebase-tools\lib\bin\firebase.js deploy
[debug] [2025-05-18T18:30:43.049Z] CLI Version:   14.4.0
[debug] [2025-05-18T18:30:43.049Z] Platform:      win32
[debug] [2025-05-18T18:30:43.049Z] Node Version:  v22.12.0
[debug] [2025-05-18T18:30:43.049Z] Time:          Sun May 18 2025 20:30:43 GMT+0200 (hora de verano de Europa central)
[debug] [2025-05-18T18:30:43.049Z] ----------------------------------------------------------------------
[debug] 
[debug] [2025-05-18T18:30:43.261Z] > command requires scopes: ["email","openid","https://www.googleapis.com/auth/cloudplatformprojects.readonly","https://www.googleapis.com/auth/firebase","https://www.googleapis.com/auth/cloud-platform"]
[debug] [2025-05-18T18:30:43.262Z] > authorizing via signed-in user (thekennen@gmail.com)
[debug] [2025-05-18T18:30:43.262Z] [iam] checking project jasperflow-88521 for permissions ["firebase.projects.get","firebasehosting.sites.update"]
[debug] [2025-05-18T18:30:43.264Z] Checked if tokens are valid: false, expires at: 1747592034876
[debug] [2025-05-18T18:30:43.264Z] Checked if tokens are valid: false, expires at: 1747592034876
[debug] [2025-05-18T18:30:43.264Z] > refreshing access token with scopes: []
[debug] [2025-05-18T18:30:43.267Z] >>> [apiv2][query] POST https://www.googleapis.com/oauth2/v3/token [none]
[debug] [2025-05-18T18:30:43.267Z] >>> [apiv2][body] POST https://www.googleapis.com/oauth2/v3/token [omitted]
[debug] [2025-05-18T18:30:43.508Z] <<< [apiv2][status] POST https://www.googleapis.com/oauth2/v3/token 200
[debug] [2025-05-18T18:30:43.508Z] <<< [apiv2][body] POST https://www.googleapis.com/oauth2/v3/token [omitted]
[debug] [2025-05-18T18:30:43.516Z] >>> [apiv2][query] POST https://cloudresourcemanager.googleapis.com/v1/projects/jasperflow-88521:testIamPermissions [none]
[debug] [2025-05-18T18:30:43.516Z] >>> [apiv2][(partial)header] POST https://cloudresourcemanager.googleapis.com/v1/projects/jasperflow-88521:testIamPermissions x-goog-quota-user=projects/jasperflow-88521
[debug] [2025-05-18T18:30:43.516Z] >>> [apiv2][body] POST https://cloudresourcemanager.googleapis.com/v1/projects/jasperflow-88521:testIamPermissions {"permissions":["firebase.projects.get","firebasehosting.sites.update"]}
[debug] [2025-05-18T18:30:44.212Z] <<< [apiv2][status] POST https://cloudresourcemanager.googleapis.com/v1/projects/jasperflow-88521:testIamPermissions 200
[debug] [2025-05-18T18:30:44.212Z] <<< [apiv2][body] POST https://cloudresourcemanager.googleapis.com/v1/projects/jasperflow-88521:testIamPermissions {"permissions":["firebase.projects.get","firebasehosting.sites.update"]}
[debug] [2025-05-18T18:30:44.214Z] Checked if tokens are valid: true, expires at: 1747596642508
[debug] [2025-05-18T18:30:44.214Z] Checked if tokens are valid: true, expires at: 1747596642508
[debug] [2025-05-18T18:30:44.214Z] >>> [apiv2][query] GET https://firebase.googleapis.com/v1beta1/projects/jasperflow-88521 [none]
[debug] [2025-05-18T18:30:44.501Z] <<< [apiv2][status] GET https://firebase.googleapis.com/v1beta1/projects/jasperflow-88521 200
[debug] [2025-05-18T18:30:44.501Z] <<< [apiv2][body] GET https://firebase.googleapis.com/v1beta1/projects/jasperflow-88521 {"projectId":"jasperflow-88521","projectNumber":"212474934266","displayName":"jasperflow","name":"projects/jasperflow-88521","resources":{"hostingSite":"jasperflow-88521"},"state":"ACTIVE","etag":"1_b347fbc5-722d-4e57-b546-c7ded39c926a"}
[info] 
[info] === Deploying to 'jasperflow-88521'...
[info] 
[info] i  deploying hosting 
[debug] [2025-05-18T18:30:44.506Z] Checked if tokens are valid: true, expires at: 1747596642508
[debug] [2025-05-18T18:30:44.506Z] Checked if tokens are valid: true, expires at: 1747596642508
[debug] [2025-05-18T18:30:44.506Z] >>> [apiv2][query] POST https://firebasehosting.googleapis.com/v1beta1/projects/-/sites/jasperflow-88521/versions [none]
[debug] [2025-05-18T18:30:44.506Z] >>> [apiv2][body] POST https://firebasehosting.googleapis.com/v1beta1/projects/-/sites/jasperflow-88521/versions {"status":"CREATED","labels":{"deployment-tool":"cli-firebase"}}
[debug] [2025-05-18T18:30:46.264Z] <<< [apiv2][status] POST https://firebasehosting.googleapis.com/v1beta1/projects/-/sites/jasperflow-88521/versions 200
[debug] [2025-05-18T18:30:46.265Z] <<< [apiv2][body] POST https://firebasehosting.googleapis.com/v1beta1/projects/-/sites/jasperflow-88521/versions {"name":"projects/212474934266/sites/jasperflow-88521/versions/2e3e07c99123a364","status":"CREATED","config":{},"labels":{"deployment-tool":"cli-firebase"}}
[info] i  hosting[jasperflow-88521]: beginning deploy... 
[info] i  hosting[jasperflow-88521]: found 47 files in dist/tfg-mateo/browser 
[debug] [2025-05-18T18:30:46.303Z] [hosting] uploading with 200 concurrency
[debug] [2025-05-18T18:30:46.395Z] Checked if tokens are valid: true, expires at: 1747596642508
[debug] [2025-05-18T18:30:46.395Z] Checked if tokens are valid: true, expires at: 1747596642508
[debug] [2025-05-18T18:30:46.396Z] [hosting] hash cache [ZGlzdFx0ZmctbWF0ZW9cYnJvd3Nlcg] stored for 47 files
[debug] [2025-05-18T18:30:46.396Z] [hosting][hash queue][FINAL] {"max":79,"min":9,"avg":20.489361702127656,"active":0,"complete":47,"success":47,"errored":0,"retried":0,"total":47,"elapsed":90}
[debug] [2025-05-18T18:30:46.396Z] >>> [apiv2][query] POST https://firebasehosting.googleapis.com/v1beta1/projects/212474934266/sites/jasperflow-88521/versions/2e3e07c99123a364:populateFiles [none]
[debug] [2025-05-18T18:30:46.396Z] >>> [apiv2][body] POST https://firebasehosting.googleapis.com/v1beta1/projects/212474934266/sites/jasperflow-88521/versions/2e3e07c99123a364:populateFiles {"files":{"/placeholder.webp":"efeeb93b944bfa7c6f6b96c6f9c97bde5869dd5b8248d4e51d1f00caa0e4780d","/favicon.ico":"a905b13e228420df3dbe746dfb656d37a49736494c0737d00e007c8dc7319912","/chunk-SGYCFQGT.js":"46b50c321b39e89a491b6727a01628c34245605a30beb3e7414c5e01cff90e6e","/chunk-RJ7OGUY7.js":"46b50c321b39e89a491b6727a01628c34245605a30beb3e7414c5e01cff90e6e","/chunk-PKTJEQ3B.js":"46b50c321b39e89a491b6727a01628c34245605a30beb3e7414c5e01cff90e6e","/chunk-MS4AQ6UA.js":"46b50c321b39e89a491b6727a01628c34245605a30beb3e7414c5e01cff90e6e","/styles-K6IBYMVX.css":"fbc8e335afdecdabad6d57ef4ae81163d8a7a215e324629107a51b6402ececc3","/index.html":"6b5170e511e5c0637dcf6bd11bd9ae4de81dadde1dca48fa2880ed1e59e83653","/chunk-XY3YGLFK.js":"b105f4d7225bf19d26b7a84c697b1a8065053f0c674049042dfc0cc6905925ff","/chunk-XP4KJV65.js":"e61ae02c7e28ad5d051e80bd9d7bf80f6dab2468111aa7c676ed9f7ad8ba6823","/polyfills-FFHMD2TL.js":"736494ba509ebe13a13ff57f0d4921ecfd9eb2ac4e8efe5d5fc1704b4b1d9b35","/chunk-XENLRXET.js":"6c306f21bc609fe9e3b5dfd2b5f7817064ff6a6bfe41337e69bfe7716f389991","/chunk-XDLVNWGW.js":"1ad3fc24c28086767240e48df5ea449c7aef4dec422381dc2565f73d53239ef5","/chunk-WVOZ4TY5.js":"450d60574774583f56ba80447f4af998d298e49dc4982c57e00a11214260b158","/chunk-YWSMGE5L.js":"fc2ae4706e1974954c2b0994e8f4d2c3d94a419b0d35f6143b406697bacb9bb6","/chunk-X2EECTO4.js":"2a2f901740d7c63de7e9a4680e56d8610cdca64cdd4244ea0b006b9424f71619","/chunk-T2WICJL6.js":"cd86e0e3659603685c0933f55ebb751fdfa75a9e04a921019b08c3b9efd8cba1","/chunk-R46JXNWX.js":"719ebd5273288d662714ae43b1b299cf19cb67519892ce1e5fc54f9daba55a10","/chunk-QGGOEBQN.js":"7d4604e7081df8f27492c35a43582dd2b6b443483054df3b4679ecb19ad0b51f","/chunk-P66H6TRQ.js":"ee2f6f296940a5a13f3e648236258f1d072cc94c92f50173f0ccb3a7619ff13c","/chunk-OKIN2LMC.js":"234222445bbb5b0e35a700028f3ce7af749ff5df30aac77e5a7bbd0189d5e385","/chunk-MBOBRZE3.js":"24b1c418ad818e54a5747832f5d11f3265913045faeb0d61e8ac62ad577026b7","/chunk-MMN2MEQB.js":"f72b1e45ddfc79458695fce5308e75007d3ac3e4dcebbdb3b5561fc3c12222a2","/chunk-JB2PP7WN.js":"4f4c39633cbcdf0084a3ca3069e8a8342b34121c72446780b7d393fa4de31e6c","/chunk-K46WNX3G.js":"03ac6866135059b3f5482a81bd7f37ba151b012ee277ef1c465dc30c2b410fd8","/chunk-HP6MEJLV.js":"c521f908fe2c844ddc568e010a738b7065634a4706f22c3fb9770ab6487ff083","/chunk-GID4G6QH.js":"cbc89bb79aa648f651291aa3f4cefd0ebd787af46e60a6cc01ef59efe7e810a1","/chunk-GAUJ27T5.js":"5900ca3df61bb1f7379b989383643d3427322e1eab30f43f54d2ea16bb938c87","/chunk-FDERIQAA.js":"b86382867bcf3b55e7e8849aa68b5035a32de0623d9e49b656b1b4388374a914","/chunk-BB4JEBWS.js":"481cf7d8597103a6d777820013630bd54ea69467f9981c43cdf0525cb3f388b9","/chunk-DRXIPMFN.js":"fc8f9abd1247f0eacfd4c6bd9f4f5d9b63405e37e7212c68100e52289858619e","/chunk-ELDAH4JM.js":"35dd127ff4fef5d5285c1616e45bf0a8784519b078bcf170e4c1f97b9db1db01","/chunk-5QZU65UO.js":"2fa2e1c86b59e24cc19a301571bbcfb75fa9f9ddd0af316db0d3389938ff5eca","/chunk-63RV2D6E.js":"a3a2f3abf80f2519bc65fc86a713f467df5ce09fb99c2aaa7f67a9af35898973","/chunk-55DKEIGG.js":"d196cda5fff713d98670c5863cbc464ecf00fdd3eb713b2c8fb3cc31f87022c2","/chunk-5253E2JJ.js":"1e8ff007eef8fabf6a0e16473e65593210cde2528ecb880c14447e9847f41df3","/chunk-4F7NDGL5.js":"5aaa12d81e48ccb441fcffb2d52306eb040c1897c17a512fc1628c059eb2a065","/chunk-34WLTYK7.js":"9f607230e46df8a40740aef0f3d3b2fa428284762e64fb3caec9b04d08f575ce","/main-GMTJOQYQ.js":"5b0402a65630892984b06c6c6723f8af16ed8bd7afa523c82ab40dca3221daaa","/chunk-XNCO3VSK.js":"b0c47812faf2638cbec20602e057875a167eef245d3c60dee2f954b8c2e8f975","/chunk-Y3T7F6AS.js":"d3c0a36d2e162b4bf170a60fdbeb355d326973d5e0e65d89e1765c454ee28cba","/chunk-MONGTB5E.js":"7142513d2699535e1db488014e3555f7cdbf2ed494f0b7fb8967580a18bf463f","/chunk-SKCCDT5V.js":"efc14f34fafaafd89782d1f98c93e5cca4d8c5230de6018cb0da18d4042036cf","/chunk-A6ASMQDY.js":"556cc37f95ce68b4c1d499988214223e546d9680cefbb0b25480ed50d45b0fdc","/chunk-IBIGBQTN.js":"28410607128d9b47e598c040ad8c841555a4e002b4dfbc8cf539e10d04620543","/chunk-TBIIVJ2V.js":"1d13e6410b38f15e3f993539bbfe125b8a9c38b51c7ea1261c9851f23c1e21ff","/chunk-HKDR3L7B.js":"7fa66de536866236a5b812a83198e7953d930825e9f2164b5d0622ea4641713e"}}
[debug] [2025-05-18T18:30:46.874Z] <<< [apiv2][status] POST https://firebasehosting.googleapis.com/v1beta1/projects/212474934266/sites/jasperflow-88521/versions/2e3e07c99123a364:populateFiles 200
[debug] [2025-05-18T18:30:46.874Z] <<< [apiv2][body] POST https://firebasehosting.googleapis.com/v1beta1/projects/212474934266/sites/jasperflow-88521/versions/2e3e07c99123a364:populateFiles {"uploadRequiredHashes":["f72b1e45ddfc79458695fce5308e75007d3ac3e4dcebbdb3b5561fc3c12222a2","c521f908fe2c844ddc568e010a738b7065634a4706f22c3fb9770ab6487ff083","fc2ae4706e1974954c2b0994e8f4d2c3d94a419b0d35f6143b406697bacb9bb6","450d60574774583f56ba80447f4af998d298e49dc4982c57e00a11214260b158","5b0402a65630892984b06c6c6723f8af16ed8bd7afa523c82ab40dca3221daaa","5aaa12d81e48ccb441fcffb2d52306eb040c1897c17a512fc1628c059eb2a065","cbc89bb79aa648f651291aa3f4cefd0ebd787af46e60a6cc01ef59efe7e810a1","1e8ff007eef8fabf6a0e16473e65593210cde2528ecb880c14447e9847f41df3","6b5170e511e5c0637dcf6bd11bd9ae4de81dadde1dca48fa2880ed1e59e83653","a3a2f3abf80f2519bc65fc86a713f467df5ce09fb99c2aaa7f67a9af35898973","d3c0a36d2e162b4bf170a60fdbeb355d326973d5e0e65d89e1765c454ee28cba","5900ca3df61bb1f7379b989383643d3427322e1eab30f43f54d2ea16bb938c87","7d4604e7081df8f27492c35a43582dd2b6b443483054df3b4679ecb19ad0b51f","cd86e0e3659603685c0933f55ebb751fdfa75a9e04a921019b08c3b9efd8cba1","24b1c418ad818e54a5747832f5d11f3265913045faeb0d61e8ac62ad577026b7","2fa2e1c86b59e24cc19a301571bbcfb75fa9f9ddd0af316db0d3389938ff5eca","efc14f34fafaafd89782d1f98c93e5cca4d8c5230de6018cb0da18d4042036cf","e61ae02c7e28ad5d051e80bd9d7bf80f6dab2468111aa7c676ed9f7ad8ba6823","1ad3fc24c28086767240e48df5ea449c7aef4dec422381dc2565f73d53239ef5","35dd127ff4fef5d5285c1616e45bf0a8784519b078bcf170e4c1f97b9db1db01","234222445bbb5b0e35a700028f3ce7af749ff5df30aac77e5a7bbd0189d5e385","fc8f9abd1247f0eacfd4c6bd9f4f5d9b63405e37e7212c68100e52289858619e","7142513d2699535e1db488014e3555f7cdbf2ed494f0b7fb8967580a18bf463f","556cc37f95ce68b4c1d499988214223e546d9680cefbb0b25480ed50d45b0fdc","b0c47812faf2638cbec20602e057875a167eef245d3c60dee2f954b8c2e8f975","03ac6866135059b3f5482a81bd7f37ba151b012ee277ef1c465dc30c2b410fd8","ee2f6f296940a5a13f3e648236258f1d072cc94c92f50173f0ccb3a7619ff13c","481cf7d8597103a6d777820013630bd54ea69467f9981c43cdf0525cb3f388b9","d196cda5fff713d98670c5863cbc464ecf00fdd3eb713b2c8fb3cc31f87022c2","28410607128d9b47e598c040ad8c841555a4e002b4dfbc8cf539e10d04620543","4f4c39633cbcdf0084a3ca3069e8a8342b34121c72446780b7d393fa4de31e6c","2a2f901740d7c63de7e9a4680e56d8610cdca64cdd4244ea0b006b9424f71619","9f607230e46df8a40740aef0f3d3b2fa428284762e64fb3caec9b04d08f575ce"],"uploadUrl":"https://upload-firebasehosting.googleapis.com/upload/sites/jasperflow-88521/versions/2e3e07c99123a364/files"}
[debug] [2025-05-18T18:30:46.875Z] Checked if tokens are valid: true, expires at: 1747596642508
[debug] [2025-05-18T18:30:46.876Z] Checked if tokens are valid: true, expires at: 1747596642508
[debug] [2025-05-18T18:30:46.876Z] Checked if tokens are valid: true, expires at: 1747596642508
[debug] [2025-05-18T18:30:46.876Z] Checked if tokens are valid: true, expires at: 1747596642508
[debug] [2025-05-18T18:30:46.877Z] Checked if tokens are valid: true, expires at: 1747596642508
[debug] [2025-05-18T18:30:46.877Z] Checked if tokens are valid: true, expires at: 1747596642508
[debug] [2025-05-18T18:30:46.877Z] Checked if tokens are valid: true, expires at: 1747596642508
[debug] [2025-05-18T18:30:46.877Z] Checked if tokens are valid: true, expires at: 1747596642508
[debug] [2025-05-18T18:30:46.877Z] Checked if tokens are valid: true, expires at: 1747596642508
[debug] [2025-05-18T18:30:46.877Z] Checked if tokens are valid: true, expires at: 1747596642508
[debug] [2025-05-18T18:30:46.878Z] Checked if tokens are valid: true, expires at: 1747596642508
[debug] [2025-05-18T18:30:46.878Z] Checked if tokens are valid: true, expires at: 1747596642508
[debug] [2025-05-18T18:30:46.878Z] Checked if tokens are valid: true, expires at: 1747596642508
[debug] [2025-05-18T18:30:46.878Z] Checked if tokens are valid: true, expires at: 1747596642508
[debug] [2025-05-18T18:30:46.878Z] Checked if tokens are valid: true, expires at: 1747596642508
[debug] [2025-05-18T18:30:46.878Z] Checked if tokens are valid: true, expires at: 1747596642508
[debug] [2025-05-18T18:30:46.878Z] Checked if tokens are valid: true, expires at: 1747596642508
[debug] [2025-05-18T18:30:46.879Z] Checked if tokens are valid: true, expires at: 1747596642508
[debug] [2025-05-18T18:30:46.879Z] Checked if tokens are valid: true, expires at: 1747596642508
[debug] [2025-05-18T18:30:46.879Z] Checked if tokens are valid: true, expires at: 1747596642508
[debug] [2025-05-18T18:30:46.879Z] Checked if tokens are valid: true, expires at: 1747596642508
[debug] [2025-05-18T18:30:46.879Z] Checked if tokens are valid: true, expires at: 1747596642508
[debug] [2025-05-18T18:30:46.879Z] Checked if tokens are valid: true, expires at: 1747596642508
[debug] [2025-05-18T18:30:46.880Z] Checked if tokens are valid: true, expires at: 1747596642508
[debug] [2025-05-18T18:30:46.880Z] Checked if tokens are valid: true, expires at: 1747596642508
[debug] [2025-05-18T18:30:46.880Z] Checked if tokens are valid: true, expires at: 1747596642508
[debug] [2025-05-18T18:30:46.880Z] Checked if tokens are valid: true, expires at: 1747596642508
[debug] [2025-05-18T18:30:46.880Z] Checked if tokens are valid: true, expires at: 1747596642508
[debug] [2025-05-18T18:30:46.880Z] Checked if tokens are valid: true, expires at: 1747596642508
[debug] [2025-05-18T18:30:46.880Z] Checked if tokens are valid: true, expires at: 1747596642508
[debug] [2025-05-18T18:30:46.881Z] Checked if tokens are valid: true, expires at: 1747596642508
[debug] [2025-05-18T18:30:46.881Z] Checked if tokens are valid: true, expires at: 1747596642508
[debug] [2025-05-18T18:30:46.881Z] Checked if tokens are valid: true, expires at: 1747596642508
[debug] [2025-05-18T18:30:46.881Z] Checked if tokens are valid: true, expires at: 1747596642508
[debug] [2025-05-18T18:30:46.881Z] Checked if tokens are valid: true, expires at: 1747596642508
[debug] [2025-05-18T18:30:46.881Z] Checked if tokens are valid: true, expires at: 1747596642508
[debug] [2025-05-18T18:30:46.881Z] Checked if tokens are valid: true, expires at: 1747596642508
[debug] [2025-05-18T18:30:46.881Z] Checked if tokens are valid: true, expires at: 1747596642508
[debug] [2025-05-18T18:30:46.882Z] Checked if tokens are valid: true, expires at: 1747596642508
[debug] [2025-05-18T18:30:46.882Z] Checked if tokens are valid: true, expires at: 1747596642508
[debug] [2025-05-18T18:30:46.882Z] Checked if tokens are valid: true, expires at: 1747596642508
[debug] [2025-05-18T18:30:46.882Z] Checked if tokens are valid: true, expires at: 1747596642508
[debug] [2025-05-18T18:30:46.882Z] Checked if tokens are valid: true, expires at: 1747596642508
[debug] [2025-05-18T18:30:46.882Z] Checked if tokens are valid: true, expires at: 1747596642508
[debug] [2025-05-18T18:30:46.883Z] Checked if tokens are valid: true, expires at: 1747596642508
[debug] [2025-05-18T18:30:46.883Z] Checked if tokens are valid: true, expires at: 1747596642508
[debug] [2025-05-18T18:30:46.883Z] Checked if tokens are valid: true, expires at: 1747596642508
[debug] [2025-05-18T18:30:46.884Z] Checked if tokens are valid: true, expires at: 1747596642508
[debug] [2025-05-18T18:30:46.884Z] Checked if tokens are valid: true, expires at: 1747596642508
[debug] [2025-05-18T18:30:46.884Z] Checked if tokens are valid: true, expires at: 1747596642508
[debug] [2025-05-18T18:30:46.885Z] Checked if tokens are valid: true, expires at: 1747596642508
[debug] [2025-05-18T18:30:46.885Z] Checked if tokens are valid: true, expires at: 1747596642508
[debug] [2025-05-18T18:30:46.886Z] Checked if tokens are valid: true, expires at: 1747596642508
[debug] [2025-05-18T18:30:46.886Z] Checked if tokens are valid: true, expires at: 1747596642508
[debug] [2025-05-18T18:30:46.886Z] Checked if tokens are valid: true, expires at: 1747596642508
[debug] [2025-05-18T18:30:46.886Z] Checked if tokens are valid: true, expires at: 1747596642508
[debug] [2025-05-18T18:30:46.887Z] Checked if tokens are valid: true, expires at: 1747596642508
[debug] [2025-05-18T18:30:46.887Z] Checked if tokens are valid: true, expires at: 1747596642508
[debug] [2025-05-18T18:30:46.887Z] Checked if tokens are valid: true, expires at: 1747596642508
[debug] [2025-05-18T18:30:46.887Z] Checked if tokens are valid: true, expires at: 1747596642508
[debug] [2025-05-18T18:30:46.887Z] Checked if tokens are valid: true, expires at: 1747596642508
[debug] [2025-05-18T18:30:46.887Z] Checked if tokens are valid: true, expires at: 1747596642508
[debug] [2025-05-18T18:30:46.888Z] Checked if tokens are valid: true, expires at: 1747596642508
[debug] [2025-05-18T18:30:46.888Z] Checked if tokens are valid: true, expires at: 1747596642508
[debug] [2025-05-18T18:30:46.888Z] Checked if tokens are valid: true, expires at: 1747596642508
[debug] [2025-05-18T18:30:46.888Z] Checked if tokens are valid: true, expires at: 1747596642508
[debug] [2025-05-18T18:30:46.888Z] >>> [apiv2][query] POST https://upload-firebasehosting.googleapis.com/upload/sites/jasperflow-88521/versions/2e3e07c99123a364/files/f72b1e45ddfc79458695fce5308e75007d3ac3e4dcebbdb3b5561fc3c12222a2 [none]
[debug] [2025-05-18T18:30:46.888Z] >>> [apiv2][body] POST https://upload-firebasehosting.googleapis.com/upload/sites/jasperflow-88521/versions/2e3e07c99123a364/files/f72b1e45ddfc79458695fce5308e75007d3ac3e4dcebbdb3b5561fc3c12222a2 [stream]
[debug] [2025-05-18T18:30:46.890Z] >>> [apiv2][query] POST https://upload-firebasehosting.googleapis.com/upload/sites/jasperflow-88521/versions/2e3e07c99123a364/files/c521f908fe2c844ddc568e010a738b7065634a4706f22c3fb9770ab6487ff083 [none]
[debug] [2025-05-18T18:30:46.890Z] >>> [apiv2][body] POST https://upload-firebasehosting.googleapis.com/upload/sites/jasperflow-88521/versions/2e3e07c99123a364/files/c521f908fe2c844ddc568e010a738b7065634a4706f22c3fb9770ab6487ff083 [stream]
[debug] [2025-05-18T18:30:46.892Z] >>> [apiv2][query] POST https://upload-firebasehosting.googleapis.com/upload/sites/jasperflow-88521/versions/2e3e07c99123a364/files/fc2ae4706e1974954c2b0994e8f4d2c3d94a419b0d35f6143b406697bacb9bb6 [none]
[debug] [2025-05-18T18:30:46.892Z] >>> [apiv2][body] POST https://upload-firebasehosting.googleapis.com/upload/sites/jasperflow-88521/versions/2e3e07c99123a364/files/fc2ae4706e1974954c2b0994e8f4d2c3d94a419b0d35f6143b406697bacb9bb6 [stream]
[debug] [2025-05-18T18:30:46.893Z] >>> [apiv2][query] POST https://upload-firebasehosting.googleapis.com/upload/sites/jasperflow-88521/versions/2e3e07c99123a364/files/450d60574774583f56ba80447f4af998d298e49dc4982c57e00a11214260b158 [none]
[debug] [2025-05-18T18:30:46.893Z] >>> [apiv2][body] POST https://upload-firebasehosting.googleapis.com/upload/sites/jasperflow-88521/versions/2e3e07c99123a364/files/450d60574774583f56ba80447f4af998d298e49dc4982c57e00a11214260b158 [stream]
[debug] [2025-05-18T18:30:46.896Z] >>> [apiv2][query] POST https://upload-firebasehosting.googleapis.com/upload/sites/jasperflow-88521/versions/2e3e07c99123a364/files/5b0402a65630892984b06c6c6723f8af16ed8bd7afa523c82ab40dca3221daaa [none]
[debug] [2025-05-18T18:30:46.896Z] >>> [apiv2][body] POST https://upload-firebasehosting.googleapis.com/upload/sites/jasperflow-88521/versions/2e3e07c99123a364/files/5b0402a65630892984b06c6c6723f8af16ed8bd7afa523c82ab40dca3221daaa [stream]
[debug] [2025-05-18T18:30:46.897Z] >>> [apiv2][query] POST https://upload-firebasehosting.googleapis.com/upload/sites/jasperflow-88521/versions/2e3e07c99123a364/files/5aaa12d81e48ccb441fcffb2d52306eb040c1897c17a512fc1628c059eb2a065 [none]
[debug] [2025-05-18T18:30:46.897Z] >>> [apiv2][body] POST https://upload-firebasehosting.googleapis.com/upload/sites/jasperflow-88521/versions/2e3e07c99123a364/files/5aaa12d81e48ccb441fcffb2d52306eb040c1897c17a512fc1628c059eb2a065 [stream]
[debug] [2025-05-18T18:30:46.898Z] >>> [apiv2][query] POST https://upload-firebasehosting.googleapis.com/upload/sites/jasperflow-88521/versions/2e3e07c99123a364/files/cbc89bb79aa648f651291aa3f4cefd0ebd787af46e60a6cc01ef59efe7e810a1 [none]
[debug] [2025-05-18T18:30:46.898Z] >>> [apiv2][body] POST https://upload-firebasehosting.googleapis.com/upload/sites/jasperflow-88521/versions/2e3e07c99123a364/files/cbc89bb79aa648f651291aa3f4cefd0ebd787af46e60a6cc01ef59efe7e810a1 [stream]
[debug] [2025-05-18T18:30:46.899Z] >>> [apiv2][query] POST https://upload-firebasehosting.googleapis.com/upload/sites/jasperflow-88521/versions/2e3e07c99123a364/files/1e8ff007eef8fabf6a0e16473e65593210cde2528ecb880c14447e9847f41df3 [none]
[debug] [2025-05-18T18:30:46.899Z] >>> [apiv2][body] POST https://upload-firebasehosting.googleapis.com/upload/sites/jasperflow-88521/versions/2e3e07c99123a364/files/1e8ff007eef8fabf6a0e16473e65593210cde2528ecb880c14447e9847f41df3 [stream]
[debug] [2025-05-18T18:30:46.900Z] >>> [apiv2][query] POST https://upload-firebasehosting.googleapis.com/upload/sites/jasperflow-88521/versions/2e3e07c99123a364/files/6b5170e511e5c0637dcf6bd11bd9ae4de81dadde1dca48fa2880ed1e59e83653 [none]
[debug] [2025-05-18T18:30:46.900Z] >>> [apiv2][body] POST https://upload-firebasehosting.googleapis.com/upload/sites/jasperflow-88521/versions/2e3e07c99123a364/files/6b5170e511e5c0637dcf6bd11bd9ae4de81dadde1dca48fa2880ed1e59e83653 [stream]
[debug] [2025-05-18T18:30:46.901Z] >>> [apiv2][query] POST https://upload-firebasehosting.googleapis.com/upload/sites/jasperflow-88521/versions/2e3e07c99123a364/files/a3a2f3abf80f2519bc65fc86a713f467df5ce09fb99c2aaa7f67a9af35898973 [none]
[debug] [2025-05-18T18:30:46.901Z] >>> [apiv2][body] POST https://upload-firebasehosting.googleapis.com/upload/sites/jasperflow-88521/versions/2e3e07c99123a364/files/a3a2f3abf80f2519bc65fc86a713f467df5ce09fb99c2aaa7f67a9af35898973 [stream]
[debug] [2025-05-18T18:30:46.901Z] >>> [apiv2][query] POST https://upload-firebasehosting.googleapis.com/upload/sites/jasperflow-88521/versions/2e3e07c99123a364/files/d3c0a36d2e162b4bf170a60fdbeb355d326973d5e0e65d89e1765c454ee28cba [none]
[debug] [2025-05-18T18:30:46.902Z] >>> [apiv2][body] POST https://upload-firebasehosting.googleapis.com/upload/sites/jasperflow-88521/versions/2e3e07c99123a364/files/d3c0a36d2e162b4bf170a60fdbeb355d326973d5e0e65d89e1765c454ee28cba [stream]
[debug] [2025-05-18T18:30:46.902Z] >>> [apiv2][query] POST https://upload-firebasehosting.googleapis.com/upload/sites/jasperflow-88521/versions/2e3e07c99123a364/files/5900ca3df61bb1f7379b989383643d3427322e1eab30f43f54d2ea16bb938c87 [none]
[debug] [2025-05-18T18:30:46.902Z] >>> [apiv2][body] POST https://upload-firebasehosting.googleapis.com/upload/sites/jasperflow-88521/versions/2e3e07c99123a364/files/5900ca3df61bb1f7379b989383643d3427322e1eab30f43f54d2ea16bb938c87 [stream]
[debug] [2025-05-18T18:30:46.903Z] >>> [apiv2][query] POST https://upload-firebasehosting.googleapis.com/upload/sites/jasperflow-88521/versions/2e3e07c99123a364/files/7d4604e7081df8f27492c35a43582dd2b6b443483054df3b4679ecb19ad0b51f [none]
[debug] [2025-05-18T18:30:46.903Z] >>> [apiv2][body] POST https://upload-firebasehosting.googleapis.com/upload/sites/jasperflow-88521/versions/2e3e07c99123a364/files/7d4604e7081df8f27492c35a43582dd2b6b443483054df3b4679ecb19ad0b51f [stream]
[debug] [2025-05-18T18:30:46.904Z] >>> [apiv2][query] POST https://upload-firebasehosting.googleapis.com/upload/sites/jasperflow-88521/versions/2e3e07c99123a364/files/cd86e0e3659603685c0933f55ebb751fdfa75a9e04a921019b08c3b9efd8cba1 [none]
[debug] [2025-05-18T18:30:46.904Z] >>> [apiv2][body] POST https://upload-firebasehosting.googleapis.com/upload/sites/jasperflow-88521/versions/2e3e07c99123a364/files/cd86e0e3659603685c0933f55ebb751fdfa75a9e04a921019b08c3b9efd8cba1 [stream]
[debug] [2025-05-18T18:30:46.905Z] >>> [apiv2][query] POST https://upload-firebasehosting.googleapis.com/upload/sites/jasperflow-88521/versions/2e3e07c99123a364/files/24b1c418ad818e54a5747832f5d11f3265913045faeb0d61e8ac62ad577026b7 [none]
[debug] [2025-05-18T18:30:46.905Z] >>> [apiv2][body] POST https://upload-firebasehosting.googleapis.com/upload/sites/jasperflow-88521/versions/2e3e07c99123a364/files/24b1c418ad818e54a5747832f5d11f3265913045faeb0d61e8ac62ad577026b7 [stream]
[debug] [2025-05-18T18:30:46.905Z] >>> [apiv2][query] POST https://upload-firebasehosting.googleapis.com/upload/sites/jasperflow-88521/versions/2e3e07c99123a364/files/2fa2e1c86b59e24cc19a301571bbcfb75fa9f9ddd0af316db0d3389938ff5eca [none]
[debug] [2025-05-18T18:30:46.905Z] >>> [apiv2][body] POST https://upload-firebasehosting.googleapis.com/upload/sites/jasperflow-88521/versions/2e3e07c99123a364/files/2fa2e1c86b59e24cc19a301571bbcfb75fa9f9ddd0af316db0d3389938ff5eca [stream]
[debug] [2025-05-18T18:30:46.906Z] >>> [apiv2][query] POST https://upload-firebasehosting.googleapis.com/upload/sites/jasperflow-88521/versions/2e3e07c99123a364/files/efc14f34fafaafd89782d1f98c93e5cca4d8c5230de6018cb0da18d4042036cf [none]
[debug] [2025-05-18T18:30:46.906Z] >>> [apiv2][body] POST https://upload-firebasehosting.googleapis.com/upload/sites/jasperflow-88521/versions/2e3e07c99123a364/files/efc14f34fafaafd89782d1f98c93e5cca4d8c5230de6018cb0da18d4042036cf [stream]
[debug] [2025-05-18T18:30:46.907Z] >>> [apiv2][query] POST https://upload-firebasehosting.googleapis.com/upload/sites/jasperflow-88521/versions/2e3e07c99123a364/files/e61ae02c7e28ad5d051e80bd9d7bf80f6dab2468111aa7c676ed9f7ad8ba6823 [none]
[debug] [2025-05-18T18:30:46.907Z] >>> [apiv2][body] POST https://upload-firebasehosting.googleapis.com/upload/sites/jasperflow-88521/versions/2e3e07c99123a364/files/e61ae02c7e28ad5d051e80bd9d7bf80f6dab2468111aa7c676ed9f7ad8ba6823 [stream]
[debug] [2025-05-18T18:30:46.907Z] >>> [apiv2][query] POST https://upload-firebasehosting.googleapis.com/upload/sites/jasperflow-88521/versions/2e3e07c99123a364/files/1ad3fc24c28086767240e48df5ea449c7aef4dec422381dc2565f73d53239ef5 [none]
[debug] [2025-05-18T18:30:46.907Z] >>> [apiv2][body] POST https://upload-firebasehosting.googleapis.com/upload/sites/jasperflow-88521/versions/2e3e07c99123a364/files/1ad3fc24c28086767240e48df5ea449c7aef4dec422381dc2565f73d53239ef5 [stream]
[debug] [2025-05-18T18:30:46.908Z] >>> [apiv2][query] POST https://upload-firebasehosting.googleapis.com/upload/sites/jasperflow-88521/versions/2e3e07c99123a364/files/35dd127ff4fef5d5285c1616e45bf0a8784519b078bcf170e4c1f97b9db1db01 [none]
[debug] [2025-05-18T18:30:46.908Z] >>> [apiv2][body] POST https://upload-firebasehosting.googleapis.com/upload/sites/jasperflow-88521/versions/2e3e07c99123a364/files/35dd127ff4fef5d5285c1616e45bf0a8784519b078bcf170e4c1f97b9db1db01 [stream]
[debug] [2025-05-18T18:30:46.909Z] >>> [apiv2][query] POST https://upload-firebasehosting.googleapis.com/upload/sites/jasperflow-88521/versions/2e3e07c99123a364/files/234222445bbb5b0e35a700028f3ce7af749ff5df30aac77e5a7bbd0189d5e385 [none]
[debug] [2025-05-18T18:30:46.909Z] >>> [apiv2][body] POST https://upload-firebasehosting.googleapis.com/upload/sites/jasperflow-88521/versions/2e3e07c99123a364/files/234222445bbb5b0e35a700028f3ce7af749ff5df30aac77e5a7bbd0189d5e385 [stream]
[debug] [2025-05-18T18:30:46.910Z] >>> [apiv2][query] POST https://upload-firebasehosting.googleapis.com/upload/sites/jasperflow-88521/versions/2e3e07c99123a364/files/fc8f9abd1247f0eacfd4c6bd9f4f5d9b63405e37e7212c68100e52289858619e [none]
[debug] [2025-05-18T18:30:46.910Z] >>> [apiv2][body] POST https://upload-firebasehosting.googleapis.com/upload/sites/jasperflow-88521/versions/2e3e07c99123a364/files/fc8f9abd1247f0eacfd4c6bd9f4f5d9b63405e37e7212c68100e52289858619e [stream]
[debug] [2025-05-18T18:30:46.910Z] >>> [apiv2][query] POST https://upload-firebasehosting.googleapis.com/upload/sites/jasperflow-88521/versions/2e3e07c99123a364/files/7142513d2699535e1db488014e3555f7cdbf2ed494f0b7fb8967580a18bf463f [none]
[debug] [2025-05-18T18:30:46.910Z] >>> [apiv2][body] POST https://upload-firebasehosting.googleapis.com/upload/sites/jasperflow-88521/versions/2e3e07c99123a364/files/7142513d2699535e1db488014e3555f7cdbf2ed494f0b7fb8967580a18bf463f [stream]
[debug] [2025-05-18T18:30:46.911Z] >>> [apiv2][query] POST https://upload-firebasehosting.googleapis.com/upload/sites/jasperflow-88521/versions/2e3e07c99123a364/files/556cc37f95ce68b4c1d499988214223e546d9680cefbb0b25480ed50d45b0fdc [none]
[debug] [2025-05-18T18:30:46.911Z] >>> [apiv2][body] POST https://upload-firebasehosting.googleapis.com/upload/sites/jasperflow-88521/versions/2e3e07c99123a364/files/556cc37f95ce68b4c1d499988214223e546d9680cefbb0b25480ed50d45b0fdc [stream]
[debug] [2025-05-18T18:30:46.912Z] >>> [apiv2][query] POST https://upload-firebasehosting.googleapis.com/upload/sites/jasperflow-88521/versions/2e3e07c99123a364/files/b0c47812faf2638cbec20602e057875a167eef245d3c60dee2f954b8c2e8f975 [none]
[debug] [2025-05-18T18:30:46.912Z] >>> [apiv2][body] POST https://upload-firebasehosting.googleapis.com/upload/sites/jasperflow-88521/versions/2e3e07c99123a364/files/b0c47812faf2638cbec20602e057875a167eef245d3c60dee2f954b8c2e8f975 [stream]
[debug] [2025-05-18T18:30:46.912Z] >>> [apiv2][query] POST https://upload-firebasehosting.googleapis.com/upload/sites/jasperflow-88521/versions/2e3e07c99123a364/files/03ac6866135059b3f5482a81bd7f37ba151b012ee277ef1c465dc30c2b410fd8 [none]
[debug] [2025-05-18T18:30:46.912Z] >>> [apiv2][body] POST https://upload-firebasehosting.googleapis.com/upload/sites/jasperflow-88521/versions/2e3e07c99123a364/files/03ac6866135059b3f5482a81bd7f37ba151b012ee277ef1c465dc30c2b410fd8 [stream]
[debug] [2025-05-18T18:30:46.913Z] >>> [apiv2][query] POST https://upload-firebasehosting.googleapis.com/upload/sites/jasperflow-88521/versions/2e3e07c99123a364/files/ee2f6f296940a5a13f3e648236258f1d072cc94c92f50173f0ccb3a7619ff13c [none]
[debug] [2025-05-18T18:30:46.913Z] >>> [apiv2][body] POST https://upload-firebasehosting.googleapis.com/upload/sites/jasperflow-88521/versions/2e3e07c99123a364/files/ee2f6f296940a5a13f3e648236258f1d072cc94c92f50173f0ccb3a7619ff13c [stream]
[debug] [2025-05-18T18:30:46.914Z] >>> [apiv2][query] POST https://upload-firebasehosting.googleapis.com/upload/sites/jasperflow-88521/versions/2e3e07c99123a364/files/481cf7d8597103a6d777820013630bd54ea69467f9981c43cdf0525cb3f388b9 [none]
[debug] [2025-05-18T18:30:46.914Z] >>> [apiv2][body] POST https://upload-firebasehosting.googleapis.com/upload/sites/jasperflow-88521/versions/2e3e07c99123a364/files/481cf7d8597103a6d777820013630bd54ea69467f9981c43cdf0525cb3f388b9 [stream]
[debug] [2025-05-18T18:30:46.915Z] >>> [apiv2][query] POST https://upload-firebasehosting.googleapis.com/upload/sites/jasperflow-88521/versions/2e3e07c99123a364/files/d196cda5fff713d98670c5863cbc464ecf00fdd3eb713b2c8fb3cc31f87022c2 [none]
[debug] [2025-05-18T18:30:46.915Z] >>> [apiv2][body] POST https://upload-firebasehosting.googleapis.com/upload/sites/jasperflow-88521/versions/2e3e07c99123a364/files/d196cda5fff713d98670c5863cbc464ecf00fdd3eb713b2c8fb3cc31f87022c2 [stream]
[debug] [2025-05-18T18:30:46.916Z] >>> [apiv2][query] POST https://upload-firebasehosting.googleapis.com/upload/sites/jasperflow-88521/versions/2e3e07c99123a364/files/28410607128d9b47e598c040ad8c841555a4e002b4dfbc8cf539e10d04620543 [none]
[debug] [2025-05-18T18:30:46.916Z] >>> [apiv2][body] POST https://upload-firebasehosting.googleapis.com/upload/sites/jasperflow-88521/versions/2e3e07c99123a364/files/28410607128d9b47e598c040ad8c841555a4e002b4dfbc8cf539e10d04620543 [stream]
[debug] [2025-05-18T18:30:46.916Z] >>> [apiv2][query] POST https://upload-firebasehosting.googleapis.com/upload/sites/jasperflow-88521/versions/2e3e07c99123a364/files/4f4c39633cbcdf0084a3ca3069e8a8342b34121c72446780b7d393fa4de31e6c [none]
[debug] [2025-05-18T18:30:46.916Z] >>> [apiv2][body] POST https://upload-firebasehosting.googleapis.com/upload/sites/jasperflow-88521/versions/2e3e07c99123a364/files/4f4c39633cbcdf0084a3ca3069e8a8342b34121c72446780b7d393fa4de31e6c [stream]
[debug] [2025-05-18T18:30:46.917Z] >>> [apiv2][query] POST https://upload-firebasehosting.googleapis.com/upload/sites/jasperflow-88521/versions/2e3e07c99123a364/files/2a2f901740d7c63de7e9a4680e56d8610cdca64cdd4244ea0b006b9424f71619 [none]
[debug] [2025-05-18T18:30:46.917Z] >>> [apiv2][body] POST https://upload-firebasehosting.googleapis.com/upload/sites/jasperflow-88521/versions/2e3e07c99123a364/files/2a2f901740d7c63de7e9a4680e56d8610cdca64cdd4244ea0b006b9424f71619 [stream]
[debug] [2025-05-18T18:30:46.918Z] >>> [apiv2][query] POST https://upload-firebasehosting.googleapis.com/upload/sites/jasperflow-88521/versions/2e3e07c99123a364/files/9f607230e46df8a40740aef0f3d3b2fa428284762e64fb3caec9b04d08f575ce [none]
[debug] [2025-05-18T18:30:46.918Z] >>> [apiv2][body] POST https://upload-firebasehosting.googleapis.com/upload/sites/jasperflow-88521/versions/2e3e07c99123a364/files/9f607230e46df8a40740aef0f3d3b2fa428284762e64fb3caec9b04d08f575ce [stream]
[debug] [2025-05-18T18:30:46.918Z] [hosting][populate queue][FINAL] {"max":493,"min":493,"avg":493,"active":0,"complete":1,"success":1,"errored":0,"retried":0,"total":1,"elapsed":523}
[debug] [2025-05-18T18:30:46.919Z] [hosting] uploads queued: 33
